BatteryHealthApp/app/proguard-rules.pro
# ProGuard规则 for Battery Health App

# 保留类名和方法名
-keep public class com.batteryhealth.app.** { *; }

# OkHttp - 忽略缺失的平台类
-dontwarn org.bouncycastle.jsse.**
-dontwarn org.conscrypt.**
-dontwarn org.openjsse.**
-dontwarn okhttp3.internal.platform.**
-keep class okhttp3.** { *; }
-keep interface okhttp3.** { *; }
-keepclassmembers class okhttp3.** { *; }

# Room数据库
-keep class * extends androidx.room.RoomDatabase
-keep @androidx.room.Entity class *
-keepclassmembers @androidx.room.Entity class * {
    @androidx.room.PrimaryKey <fields>;
    @androidx.room.ColumnInfo <fields>;
    @androidx.room.Embedded <fields>;
    <init>();
}
-keepclassmembers class * {
    @androidx.room.Dao <methods>;
    @androidx.room.Query <methods>;
    @androidx.room.Insert <methods>;
    @androidx.room.Update <methods>;
    @androidx.room.Delete <methods>;
}

# Gson
-keepattributes Signature
-keepattributes *Annotation*
-dontwarn sun.misc.**
-keep class com.google.gson.** { *; }
-keep class * implements com.google.gson.TypeAdapterFactory
-keep class * implements com.google.gson.JsonSerializer
-keep class * implements com.google.gson.JsonDeserializer

# Retrofit
-keepattributes Signature
-keepattributes Exceptions
-keepattributes *Annotation*
-keep class retrofit2.** { *; }
-dontwarn retrofit2.**
-keepclasseswithmembers class * {
    @retrofit2.http.* <methods>;
}

# Glide
-keep public class * implements com.bumptech.glide.module.GlideModule
-keep class * extends com.bumptech.glide.module.AppGlideModule {
    <init>(...);
}
-keep public enum com.bumptech.glide.load.ImageHeaderParser$** {
    **[] $VALUES;
    public *;
}

# MPAndroidChart
-keep class com.github.mikephil.charting.** { *; }

# Lottie
-keep class com.airbnb.lottie.** { *; }
-dontwarn com.airbnb.lottie.**

# 保留序列化类
-keepclassmembers class * implements java.io.Serializable {
    static final long serialVersionUID;
    private static final java.io.ObjectStreamField[] serialPersistentFields;
    private void writeObject(java.io.ObjectOutputStream);
    private void readObject(java.io.ObjectInputStream);
    java.lang.Object writeReplace();
    java.lang.Object readResolve();
}

# 保留Parcelable类
-keep class * implements android.os.Parcelable {
    public static final android.os.Parcelable$Creator *;
}

# 保留枚举类
-keepclassmembers enum * {
    public static **[] values();
    public static ** valueOf(java.lang.String);
}

# 保留R类（防止资源ID被内联或重命名导致XML解析失败）
-keepclassmembers class **.R$* {
    public static <fields>;
}
-keep class **.R { *; }

# 保留所有 style/theme 相关资源引用（shrinkResources=false 已关闭，此规则作为双重保险）
-keepattributes *Annotation*
-keepattributes SourceFile,LineNumberTable
-keepattributes EnclosingMethod

# 保留 Fragment 和 Activity 的完整类名，防止 R8 内联导致反射或资源绑定失败
-keep class * extends androidx.fragment.app.Fragment { <init>(...); }
-keep class * extends android.app.Activity { <init>(...); }

# SQLCipher
-keep class net.sqlcipher.** { *; }
-keep class net.sqlcipher.database.** { *; }
-dontwarn net.sqlcipher.**

# PermissionX
-keep class com.permissionx.** { *; }
-dontwarn com.permissionx.**

# EncryptedSharedPreferences / security-crypto
-keep class androidx.security.crypto.** { *; }
-dontwarn androidx.security.crypto.**

# Material Components 与 AndroidX UI 组件：避免 release 混淆后布局解析失败
-keep class com.google.android.material.card.MaterialCardView { *; }
-keep class androidx.core.widget.NestedScrollView { *; }
-keep class androidx.viewpager2.widget.ViewPager2 { *; }
-keep class androidx.recyclerview.widget.RecyclerView { *; }
-keep class androidx.coordinatorlayout.widget.CoordinatorLayout { *; }

# Fragment 与自定义 View
-keep class * extends androidx.fragment.app.Fragment { *; }
-keep class com.batteryhealth.app.ui.view.CustomBottomNavigationView { *; }

# 保留所有 public View 构造函数，防止 XML 反射创建失败
-keep public class * extends android.view.View {
    public <init>(android.content.Context);
    public <init>(android.content.Context, android.util.AttributeSet);
    public <init>(android.content.Context, android.util.AttributeSet, int);
}
-keep public class * extends android.view.ViewGroup {
    public <init>(android.content.Context);
    public <init>(android.content.Context, android.util.AttributeSet);
    public <init>(android.content.Context, android.util.AttributeSet, int);
}

# 仅移除调试日志，保留错误日志用于线上问题排查
-assumenosideeffects class android.util.Log {
    public static boolean isLoggable(java.lang.String, int);
    public static int v(...);
    public static int i(...);
    public static int d(...);
    public static int w(...);
}

# 优化
-optimizations !code/simplification/arithmetic,!code/simplification/cast,!field/*,!class/merging/*
-optimizationpasses 5
-allowaccessmodification
-dontpreverify