BatteryHealthApp/app/build/outputs/mapping/release/seeds.txt
com.batteryhealth.app.MainActivity$WebAppInterface$1
com.batteryhealth.app.R$id
com.batteryhealth.app.MainActivity
com.batteryhealth.app.R
com.batteryhealth.app.MainActivity$3
com.batteryhealth.app.R$mipmap
com.batteryhealth.app.R$color
com.batteryhealth.app.R$layout
com.batteryhealth.app.R$xml
com.batteryhealth.app.MainActivity$2
com.batteryhealth.app.MainActivity$1
com.batteryhealth.app.R$string
com.batteryhealth.app.R$style
com.batteryhealth.app.R$drawable
com.batteryhealth.app.MainActivity$WebAppInterface
com.batteryhealth.app.MainActivity: android.webkit.ValueCallback filePathCallback
com.batteryhealth.app.R$color: int white
com.batteryhealth.app.MainActivity: long MAX_FILE_SIZE
com.batteryhealth.app.R$color: int accent
com.batteryhealth.app.R$color: int primary_dark
com.batteryhealth.app.MainActivity: boolean isFilePickerActive
com.batteryhealth.app.MainActivity$WebAppInterface: com.batteryhealth.app.MainActivity this$0
com.batteryhealth.app.MainActivity: boolean isPickerFromJs
com.batteryhealth.app.MainActivity: int PERMISSION_REQUEST_CODE
com.batteryhealth.app.MainActivity$1: com.batteryhealth.app.MainActivity this$0
com.batteryhealth.app.R$style: int Theme_BatteryHealthApp
com.batteryhealth.app.MainActivity: java.lang.String TAG
com.batteryhealth.app.R$layout: int activity_main
com.batteryhealth.app.R$mipmap: int ic_launcher
com.batteryhealth.app.R$mipmap: int ic_launcher_round
com.batteryhealth.app.MainActivity: int FILE_CHOOSER_REQUEST_CODE
com.batteryhealth.app.R$color: int secondary_dark
com.batteryhealth.app.R$drawable: int ic_launcher_foreground
com.batteryhealth.app.MainActivity: boolean isMemoryLow
com.batteryhealth.app.R$color: int black
com.batteryhealth.app.MainActivity$3: com.batteryhealth.app.MainActivity this$0
com.batteryhealth.app.R$string: int app_name
com.batteryhealth.app.R$drawable: int ic_launcher_background
com.batteryhealth.app.R$color: int primary
com.batteryhealth.app.MainActivity: android.webkit.WebView webView
com.batteryhealth.app.R$xml: int network_security_config
com.batteryhealth.app.MainActivity: boolean isWebViewDestroyed
com.batteryhealth.app.R$color: int secondary
com.batteryhealth.app.MainActivity$WebAppInterface$1: com.batteryhealth.app.MainActivity$WebAppInterface this$1
com.batteryhealth.app.MainActivity$2: com.batteryhealth.app.MainActivity this$0
com.batteryhealth.app.R$xml: int backup_rules
com.batteryhealth.app.MainActivity$2: androidx.webkit.WebViewAssetLoader val$assetLoader
com.batteryhealth.app.R$id: int webView
com.batteryhealth.app.MainActivity: java.lang.String[] permissions
com.batteryhealth.app.R$xml: int data_extraction_rules
com.batteryhealth.app.MainActivity$3: boolean onShowFileChooser(android.webkit.WebView,android.webkit.ValueCallback,android.webkit.WebChromeClient$FileChooserParams)
com.batteryhealth.app.R$layout: R$layout()
com.batteryhealth.app.MainActivity: void onRequestPermissionsResult(int,java.lang.String[],int[])
com.batteryhealth.app.R$string: R$string()
com.batteryhealth.app.MainActivity: void notifyFileSelected(java.lang.String,java.lang.String)
com.batteryhealth.app.MainActivity$1: android.webkit.WebResourceResponse handle(java.lang.String)
com.batteryhealth.app.MainActivity: void onPause()
com.batteryhealth.app.MainActivity: void initPermissions()
com.batteryhealth.app.MainActivity: android.webkit.WebView access$700(com.batteryhealth.app.MainActivity)
com.batteryhealth.app.R$drawable: R$drawable()
com.batteryhealth.app.MainActivity$WebAppInterface: void lambda$readFileContentWithProgress$3(java.lang.String,java.lang.String,long,java.lang.String,java.lang.String)
com.batteryhealth.app.MainActivity: void access$300(com.batteryhealth.app.MainActivity)
com.batteryhealth.app.MainActivity$WebAppInterface$1: void onReceiveValue(java.lang.Object)
com.batteryhealth.app.MainActivity$WebAppInterface: void cleanOldTempFiles(java.io.File)
com.batteryhealth.app.MainActivity: void onCreate(android.os.Bundle)
...
androidx.emoji2.text.flatbuffer.FlexBuffers$Reference: androidx.emoji2.text.flatbuffer.FlexBuffers$Key asKey()
androidx.appcompat.widget.AppCompatTextViewAutoSizeHelper: void setAutoSizeTextTypeWithDefaults(int)
androidx.constraintlayout.core.motion.parse.KeyParser: void main(java.lang.String[])
androidx.core.location.LocationCompat$Api17Impl: long getElapsedRealtimeNanos(android.location.Location)
com.google.android.material.internal.StaticLayoutBuilderCompat: void createConstructorWithReflection()
androidx.recyclerview.widget.StaggeredGridLayoutManager: void collectAdjacentPrefetchPositions(int,int,androidx.recyclerview.widget.RecyclerView$State,androidx.recyclerview.widget.RecyclerView$LayoutManager$LayoutPrefetchRegistry)
androidx.core.provider.RequestExecutor: java.util.concurrent.ThreadPoolExecutor createDefaultExecutor(java.lang.String,int,int)
androidx.activity.FullyDrawnReporter: FullyDrawnReporter(java.util.concurrent.Executor,kotlin.jvm.functions.Function0)
androidx.constraintlayout.core.parser.CLToken: boolean isNull()
androidx.appcompat.view.menu.MenuItemImpl$1: MenuItemImpl$1(androidx.appcompat.view.menu.MenuItemImpl)
com.google.android.material.internal.NavigationMenuPresenter: void setItemMaxLines(int)
androidx.constraintlayout.motion.utils.ViewSpline$ElevationSet: void setProperty(android.view.View,float)
com.google.android.material.chip.ChipGroup$PassThroughHierarchyChangeListener: void onChildViewAdded(android.view.View,android.view.View)
androidx.constraintlayout.motion.widget.MotionScene$Transition: androidx.constraintlayout.motion.widget.TouchResponse access$200(androidx.constraintlayout.motion.widget.MotionScene$Transition)
androidx.collection.SimpleArrayMap: SimpleArrayMap(androidx.collection.SimpleArrayMap)
androidx.core.view.WindowInsetsCompat$BuilderImpl29: WindowInsetsCompat$BuilderImpl29(androidx.core.view.WindowInsetsCompat)
com.google.android.material.progressindicator.DeterminateDrawable: int getIntrinsicHeight()
androidx.constraintlayout.motion.widget.MotionLayout$MotionTracker: float getXVelocity()
androidx.recyclerview.widget.RecyclerView$LayoutManager: int getHeightMode()
androidx.core.content.pm.ShortcutInfoCompat: boolean isDynamic()
androidx.constraintlayout.widget.ConstraintLayout: void dispatchDraw(android.graphics.Canvas)
com.google.android.material.chip.ChipGroup: ChipGroup(android.content.Context,android.util.AttributeSet,int)
androidx.constraintlayout.motion.widget.ViewTransitionController: boolean isViewTransitionEnabled(int)
androidx.appcompat.app.AppCompatDelegate: void applyDayNightToActiveDelegates()
androidx.fragment.app.FragmentAnim$AnimationOrAnimator: FragmentAnim$AnimationOrAnimator(android.animation.Animator)
com.google.android.material.transition.MaterialContainerTransform: void setDrawDebugEnabled(boolean)
androidx.core.view.accessibility.AccessibilityNodeInfoCompat: void setImportantForAccessibility(boolean)
androidx.viewpager2.adapter.FragmentStateAdapter: void onBindViewHolder(androidx.recyclerview.widget.RecyclerView$ViewHolder,int)
androidx.collection.ArraySet: java.util.Iterator iterator()
androidx.appcompat.view.menu.BaseMenuWrapper: void internalRemoveGroup(int)
androidx.constraintlayout.core.motion.utils.TimeCycleSplineSet$Sort: void doubleQuickSort(int[],float[][],int,int)
androidx.appcompat.graphics.drawable.DrawableContainerCompat: void jumpToCurrentState()
com.google.android.material.appbar.MaterialToolbar: boolean isSubtitleCentered()
com.google.android.material.appbar.CollapsingToolbarLayout: void onDetachedFromWindow()
androidx.recyclerview.widget.RecyclerView$RecycledViewPool: void attach()
androidx.core.os.TraceCompat: TraceCompat()
com.google.android.material.shape.RelativeCornerSize: RelativeCornerSize(float)
androidx.webkit.internal.WebViewRenderProcessClientAdapter: void onRendererUnresponsive(android.webkit.WebView,java.lang.reflect.InvocationHandler)
com.google.android.material.slider.Slider: int getTickInactiveRadius()