BatteryHealthApp/app/build/outputs/mapping/release/mapping.txt
# compiler: R8
# compiler_version: 8.2.33
# min_api: 24
# common_typos_disable
# {"id":"com.android.tools.r8.mapping","version":"2.2"}
# pg_map_id: c2ad33a
# pg_map_hash: SHA-256 c2ad33ab4825ef39059052147da107b49c98cd1d57154b6abfabbec564162be0
com.batteryhealth.app.MainActivity -> com.batteryhealth.app.MainActivity:
# {"id":"sourceFile","fileName":"MainActivity.java"}
    1:13:void <init>():54:54 -> <init>
    1:4:void access$000(com.batteryhealth.app.MainActivity):54:54 -> access$000
    1:3:android.webkit.ValueCallback access$100(com.batteryhealth.app.MainActivity):54:54 -> access$100
    1:3:android.webkit.ValueCallback access$102(com.batteryhealth.app.MainActivity,android.webkit.ValueCallback):54:54 -> access$102
    1:3:boolean access$202(com.batteryhealth.app.MainActivity,boolean):54:54 -> access$202
    1:4:void access$300(com.batteryhealth.app.MainActivity):54:54 -> access$300
    1:3:java.lang.String[] access$400(com.batteryhealth.app.MainActivity):54:54 -> access$400
    1:4:void access$500(com.batteryhealth.app.MainActivity):54:54 -> access$500
    1:5:java.lang.String access$600(com.batteryhealth.app.MainActivity,android.net.Uri):54:54 -> access$600
    1:3:android.webkit.WebView access$700(com.batteryhealth.app.MainActivity):54:54 -> access$700
    5:8:void checkAndRequestPermissions():160:160 -> checkAndRequestPermissions
    9:14:void checkAndRequestPermissions():166:166 -> checkAndRequestPermissions
    15:22:void checkAndRequestPermissions():167:167 -> checkAndRequestPermissions
    23:25:void checkAndRequestPermissions():174:174 -> checkAndRequestPermissions
    26:33:void checkAndRequestPermissions():175:175 -> checkAndRequestPermissions
com.batteryhealth.app.MainActivity$$ExternalSyntheticLambda0 -> d7:
# {"id":"sourceFile","fileName":"R8$$SyntheticClass"}
# {"id":"com.android.tools.r8.synthesized"}
    int com.batteryhealth.app.MainActivity$$InternalSyntheticLambda$1$4c4dc9c47d544d7a555b51d1f21a0eb1a2d05643f569e5252276882f0c70444f$0.$r8$classId -> a
      # {"id":"com.android.tools.r8.synthesized"}
    1:6:void com.batteryhealth.app.MainActivity$$InternalSyntheticLambda$1$4c4dc9c47d544d7a555b51d1f21a0eb1a2d05643f569e5252276882f0c70444f$0.<init>():0:0 -> <init>
    1:6:void com.batteryhealth.app.MainActivity$$InternalSyntheticLambda$1$4c4dc9c47d544d7a555b51d1f21a0eb1a2d05643f569e5252276882f0c70444f$0.$r8$init$synthetic(int):0 -> <init>
      # {"id":"com.android.tools.r8.synthesized"}
    1:1:boolean com.batteryhealth.app.MainActivity$$InternalSyntheticLambda$1$4c4dc9c47d544d7a555b51d1f21a0eb1a2d05643f569e5252276882f0c70444f$0.accept$bridge(java.io.File,java.lang.String):0:0 -> accept
      # {"id":"com.android.tools.r8.synthesized"}
com.batteryhealth.app.MainActivity$1 -> com.batteryhealth.app.MainActivity$1:
# {"id":"sourceFile","fileName":"MainActivity.java"}
    3:6:void <init>(com.batteryhealth.app.MainActivity):258:258 -> <init>
    2:12:android.webkit.WebResourceResponse handle(java.lang.String):264:264 -> handle
    13:30:android.webkit.WebResourceResponse handle(java.lang.String):265:265 -> handle
    31:33:android.webkit.WebResourceResponse handle(java.lang.String):266:266 -> handle
    34:36:android.webkit.WebResourceResponse handle(java.lang.String):267:267 -> handle
    37:41:android.webkit.WebResourceResponse handle(java.lang.String):268:268 -> handle
    42:52:android.webkit.WebResourceResponse handle(java.lang.String):270:270 -> handle
...
androidx.annotation.ArrayRes -> androidx.annotation.ArrayRes:
# {"id":"sourceFile","fileName":"ArrayRes.java"}
androidx.annotation.AttrRes -> androidx.annotation.AttrRes:
# {"id":"sourceFile","fileName":"AttrRes.java"}
androidx.annotation.BinderThread -> androidx.annotation.BinderThread:
# {"id":"sourceFile","fileName":"BinderThread.java"}
androidx.annotation.BoolRes -> androidx.annotation.BoolRes:
# {"id":"sourceFile","fileName":"BoolRes.java"}
androidx.annotation.CallSuper -> androidx.annotation.CallSuper:
# {"id":"sourceFile","fileName":"CallSuper.java"}
androidx.annotation.CheckResult -> androidx.annotation.CheckResult:
# {"id":"sourceFile","fileName":"CheckResult.java"}
androidx.annotation.ChecksSdkIntAtLeast -> androidx.annotation.ChecksSdkIntAtLeast:
# {"id":"sourceFile","fileName":"ChecksSdkIntAtLeast.java"}
androidx.annotation.ColorInt -> androidx.annotation.ColorInt:
# {"id":"sourceFile","fileName":"ColorInt.java"}
androidx.annotation.ColorLong -> androidx.annotation.ColorLong:
# {"id":"sourceFile","fileName":"ColorLong.java"}
androidx.annotation.ColorRes -> androidx.annotation.ColorRes:
# {"id":"sourceFile","fileName":"ColorRes.java"}
androidx.annotation.ContentView -> androidx.annotation.ContentView:
# {"id":"sourceFile","fileName":"ContentView.java"}
androidx.annotation.DimenRes -> androidx.annotation.DimenRes:
# {"id":"sourceFile","fileName":"DimenRes.java"}
androidx.annotation.Dimension -> androidx.annotation.Dimension:
# {"id":"sourceFile","fileName":"Dimension.java"}
androidx.annotation.Discouraged -> androidx.annotation.Discouraged:
# {"id":"sourceFile","fileName":"Discouraged.java"}
androidx.annotation.DisplayContext -> androidx.annotation.DisplayContext:
# {"id":"sourceFile","fileName":"DisplayContext.java"}
androidx.annotation.DoNotInline -> androidx.annotation.DoNotInline:
# {"id":"sourceFile","fileName":"DoNotInline.java"}
androidx.annotation.DrawableRes -> androidx.annotation.DrawableRes:
# {"id":"sourceFile","fileName":"DrawableRes.java"}
androidx.annotation.FloatRange -> androidx.annotation.FloatRange:
# {"id":"sourceFile","fileName":"FloatRange.java"}
androidx.annotation.FontRes -> androidx.annotation.FontRes:
# {"id":"sourceFile","fileName":"FontRes.java"}
androidx.annotation.FractionRes -> androidx.annotation.FractionRes:
# {"id":"sourceFile","fileName":"FractionRes.java"}
androidx.annotation.GravityInt -> androidx.annotation.GravityInt:
# {"id":"sourceFile","fileName":"GravityInt.java"}
androidx.annotation.GuardedBy -> androidx.annotation.GuardedBy:
# {"id":"sourceFile","fileName":"GuardedBy.java"}
androidx.annotation.HalfFloat -> androidx.annotation.HalfFloat:
# {"id":"sourceFile","fileName":"HalfFloat.java"}
androidx.annotation.IdRes -> androidx.annotation.IdRes:
# {"id":"sourceFile","fileName":"IdRes.java"}
androidx.annotation.InspectableProperty -> androidx.annotation.InspectableProperty:
# {"id":"sourceFile","fileName":"InspectableProperty.java"}
androidx.annotation.InspectableProperty$EnumEntry -> androidx.annotation.InspectableProperty$EnumEntry:
# {"id":"sourceFile","fileName":"InspectableProperty.java"}
androidx.annotation.InspectableProperty$FlagEntry -> androidx.annotation.InspectableProperty$FlagEntry:
# {"id":"sourceFile","fileName":"InspectableProperty.java"}
androidx.annotation.InspectableProperty$ValueType -> androidx.annotation.InspectableProperty$ValueType:
# {"id":"sourceFile","fileName":"InspectableProperty.java"}
    1:10:void <clinit>():155:155 -> <clinit>
    11:20:void <clinit>():160:160 -> <clinit>
    21:30:void <clinit>():169:169 -> <clinit>
    31:40:void <clinit>():178:178 -> <clinit>
    41:50:void <clinit>():185:185 -> <clinit>
    51:60:void <clinit>():192:192 -> <clinit>
    61:77:void <clinit>():200:200 -> <clinit>
    1:4:void <init>(java.lang.String,int):151:151 -> <init>
    3:9:androidx.annotation.InspectableProperty$ValueType valueOf(java.lang.String):151:151 -> valueOf
    3:9:androidx.annotation.InspectableProperty$ValueType[] values():151:151 -> values