BatteryHealthApp/app/build/outputs/mapping/release/usage.txt
com.batteryhealth.app.MainActivity$$InternalSyntheticLambda$1$79d3d718a92c670844829b2b23617445e366caf04cf509578911028d848fa4bb$0
com.batteryhealth.app.MainActivity$WebAppInterface$$InternalSyntheticLambda$1$44d80dbb9ad7a590560647b113fd692811d2768ab991e6beaf4fd468a9eccfb4$0
com.batteryhealth.app.MainActivity$WebAppInterface$$InternalSyntheticLambda$1$695b130ec76e2f25a94a6cdc107925b1c70f845b48ea967724ddc0e0443540f2$0
com.batteryhealth.app.MainActivity$WebAppInterface$$InternalSyntheticLambda$1$695b130ec76e2f25a94a6cdc107925b1c70f845b48ea967724ddc0e0443540f2$3
com.batteryhealth.app.MainActivity$WebAppInterface$$InternalSyntheticLambda$1$695b130ec76e2f25a94a6cdc107925b1c70f845b48ea967724ddc0e0443540f2$4
com.batteryhealth.app.MainActivity$WebAppInterface$$InternalSyntheticLambda$1$6f21c6832e587cdd5dc7ce4294c0b426b3ff5a5af4f132a680af9e5365a8ecfe$0
com.batteryhealth.app.MainActivity$WebAppInterface$$InternalSyntheticLambda$1$b17a169f65ab96f909e6dc71d5ef4a04dd83bd2bdc67fe0a057f02f41c76fbe8$0
...
kotlinx.coroutines.flow.FlowKt__ZipKt$nullArrayFactory$1
kotlinx.coroutines.flow.FlowKt__ZipKt
kotlinx.coroutines.flow.LintKt$retry$1
kotlinx.coroutines.flow.LintKt
kotlinx.coroutines.flow.MutableSharedFlow
kotlinx.coroutines.flow.MutableStateFlow:
    public abstract boolean compareAndSet(java.lang.Object,java.lang.Object)
    public abstract java.lang.Object getValue()
kotlinx.coroutines.flow.ReadonlySharedFlow
kotlinx.coroutines.flow.ReadonlyStateFlow:
    public java.lang.Object collect(kotlinx.coroutines.flow.FlowCollector,kotlin.coroutines.Continuation)
    public kotlinx.coroutines.flow.Flow fuse(kotlin.coroutines.CoroutineContext,int,kotlinx.coroutines.channels.BufferOverflow)
    public java.util.List getReplayCache()
    public java.lang.Object getValue()
kotlinx.coroutines.flow.SafeFlow
kotlinx.coroutines.flow.SharedFlow
kotlinx.coroutines.flow.SharedFlowImpl$Emitter
kotlinx.coroutines.flow.SharedFlowImpl$WhenMappings
kotlinx.coroutines.flow.SharedFlowImpl$collect$1
kotlinx.coroutines.flow.SharedFlowImpl
kotlinx.coroutines.flow.SharedFlowKt
kotlinx.coroutines.flow.SharedFlowSlot
kotlinx.coroutines.flow.SharingCommand
kotlinx.coroutines.flow.SharingConfig
kotlinx.coroutines.flow.SharingStarted$Companion
kotlinx.coroutines.flow.SharingStarted
kotlinx.coroutines.flow.SharingStartedKt
kotlinx.coroutines.flow.StartedEagerly
kotlinx.coroutines.flow.StartedLazily$command$1$1$emit$1
kotlinx.coroutines.flow.StartedLazily$command$1$1
kotlinx.coroutines.flow.StartedLazily$command$1
kotlinx.coroutines.flow.StartedLazily
kotlinx.coroutines.flow.StartedWhileSubscribed$command$1
kotlinx.coroutines.flow.StartedWhileSubscribed$command$2
kotlinx.coroutines.flow.StartedWhileSubscribed
kotlinx.coroutines.flow.StateFlow:
    public abstract java.lang.Object getValue()
kotlinx.coroutines.flow.StateFlowImpl$collect$1
kotlinx.coroutines.flow.StateFlowImpl:
    public java.lang.Object collect(kotlinx.coroutines.flow.FlowCollector,kotlin.coroutines.Continuation)
    public boolean compareAndSet(java.lang.Object,java.lang.Object)
    protected kotlinx.coroutines.flow.StateFlowSlot createSlot()
    public synthetic bridge kotlinx.coroutines.flow.internal.AbstractSharedFlowSlot createSlot()
    protected kotlinx.coroutines.flow.StateFlowSlot[] createSlotArray(int)
    public synthetic bridge kotlinx.coroutines.flow.internal.AbstractSharedFlowSlot[] createSlotArray(int)
    public java.lang.Object emit(java.lang.Object,kotlin.coroutines.Continuation)
    public kotlinx.coroutines.flow.Flow fuse(kotlin.coroutines.CoroutineContext,int,kotlinx.coroutines.channels.BufferOverflow)
    public java.util.List getReplayCache()
    public java.lang.Object getValue()
    public static synthetic void getValue$annotations()
    public void resetReplayCache()
    public boolean tryEmit(java.lang.Object)
kotlinx.coroutines.flow.StateFlowKt:
    public static final synthetic kotlinx.coroutines.internal.Symbol access$getNONE$p()
    public static final synthetic kotlinx.coroutines.internal.Symbol access$getPENDING$p()
    public static final kotlinx.coroutines.flow.Flow fuseStateFlow(kotlinx.coroutines.flow.StateFlow,kotlin.coroutines.CoroutineContext,int,kotlinx.coroutines.channels.BufferOverflow)
    public static final java.lang.Object getAndUpdate(kotlinx.coroutines.flow.MutableStateFlow,kotlin.jvm.functions.Function1)
    private static synthetic void getNONE$annotations()
    private static synthetic void getPENDING$annotations()
    public static final void update(kotlinx.coroutines.flow.MutableStateFlow,kotlin.jvm.functions.Function1)
    public static final java.lang.Object updateAndGet(kotlinx.coroutines.flow.MutableStateFlow,kotlin.jvm.functions.Function1)